[     465ms] [WARNING] react-i18next:: useTranslation: You will need to pass in an i18next instance by using initReactI18next {code: NO_I18NEXT_INSTANCE} @ https://cdn.grok.com/_next/static/chunks/0s4gl2cvdj6ao.js:9
[     985ms] [INFO] 
█░░░░░░░░░░░░░░░░░░░░░░░░░░░░░░░░░░░░░░░░▓
░                                        ░
░                                        ░
░                                 ░▒░    ░
░                ░░▒▒▒▒▒░░░     ░█░      ░
░            ░▒████████████▓░ ▒██░       ░
░          ░████▓░         ░▓███░        ░
░         ░███▒          ░▓█████░        ░
░         ███░         ░██▒  ▓███░       ░
░        ░███░       ▒█▒      ███░       ░
░         ███░     ▒░░       ▒███░       ░
░         ▒███░             ░███░        ░
░         ░███▓░         ░▒████░         ░
░         ▓█░ ░▒▓████████████░           ░
░       ▒▒░     ░░▒█████▒░░              ░
░     ▒░                                 ░
░                                        ░
░                                        ░
█░░░░░░░░░░░░░░░░░░░░░░░░░░░░░░░░░░░░░░░░▓

Curious? Join us at https://x.ai/careers @ https://cdn.grok.com/_next/static/chunks/0s4gl2cvdj6ao.js:9
[    1634ms] [ERROR] Connecting to 'https://wa.onelink.me/v1/onelink' violates the following Content Security Policy directive: "connect-src 'self' data: https://cdn.grok.com https://*.x.ai wss://*.x.ai https://*.twimg.com https://*.grok.com wss://*.grok.com https://*.grok-sandbox.com wss://*.grok-sandbox.com ws://localhost:* ws://127.0.0.1:* https://assets.grok.com https://assets.grokusercontent.com wss://code.grok.com/ws/code-client https://*.js.stripe.com https://*.stripe.com https://featureassets.org https://*.googleapis.com https://*.google.com https://*.withgoogle.com https://*.gstatic.com https://*.googletagmanager.com https://*.google-analytics.com https://*.googleadservices.com https://*.googlesyndication.com https://*.doubleclick.net https://*.microsoftonline.com https://*.live.com https://*.microsoft.com https://*.onedrive.com https://*.sharepoint.com https://cdn01.boxcdn.net https://*.boxcdn.net https://*.box.com https://*.boxcloud.com https://*.mixpanel.com https://*.twitter.com https://*.x.com https://analytics.tiktok.com https://sgtm-prod-985009374134.us-central1.run.app https://cdn.cookielaw.org https://cookie-cdn.cookiepro.com https://geolocation.onetrust.com https://privacyportal.onetrust.com https://*.paypal.com https://*.braintreegateway.com https://*.braintree-api.com". The action has been blocked. @ https://cdn.grok.com/_next/static/chunks/0s4gl2cvdj6ao.js:9
[    1768ms] [ERROR] Connecting to 'https://analytics-ipv6.tiktokw.us/ipv6/enrich_ipv6' violates the following Content Security Policy directive: "connect-src 'self' data: https://cdn.grok.com https://*.x.ai wss://*.x.ai https://*.twimg.com https://*.grok.com wss://*.grok.com https://*.grok-sandbox.com wss://*.grok-sandbox.com ws://localhost:* ws://127.0.0.1:* https://assets.grok.com https://assets.grokusercontent.com wss://code.grok.com/ws/code-client https://*.js.stripe.com https://*.stripe.com https://featureassets.org https://*.googleapis.com https://*.google.com https://*.withgoogle.com https://*.gstatic.com https://*.googletagmanager.com https://*.google-analytics.com https://*.googleadservices.com https://*.googlesyndication.com https://*.doubleclick.net https://*.microsoftonline.com https://*.live.com https://*.microsoft.com https://*.onedrive.com https://*.sharepoint.com https://cdn01.boxcdn.net https://*.boxcdn.net https://*.box.com https://*.boxcloud.com https://*.mixpanel.com https://*.twitter.com https://*.x.com https://analytics.tiktok.com https://sgtm-prod-985009374134.us-central1.run.app https://cdn.cookielaw.org https://cookie-cdn.cookiepro.com https://geolocation.onetrust.com https://privacyportal.onetrust.com https://*.paypal.com https://*.braintreegateway.com https://*.braintree-api.com". The action has been blocked. @ https://analytics.tiktok.com/i18n/pixel/static/main.MTBlZDdlZDc3MQ.js:0
[    4758ms] [ERROR] Failed to load resource: the server responded with a status of 403 () @ https://grok.com/api/log_metric:0
[    5637ms] [ERROR] Connecting to 'https://wa.appsflyersdk.com/events?site-id=1b107326-7bc4-4589-8e80-321c180de093' violates the following Content Security Policy directive: "connect-src 'self' data: https://cdn.grok.com https://*.x.ai wss://*.x.ai https://*.twimg.com https://*.grok.com wss://*.grok.com https://*.grok-sandbox.com wss://*.grok-sandbox.com ws://localhost:* ws://127.0.0.1:* https://assets.grok.com https://assets.grokusercontent.com wss://code.grok.com/ws/code-client https://*.js.stripe.com https://*.stripe.com https://featureassets.org https://*.googleapis.com https://*.google.com https://*.withgoogle.com https://*.gstatic.com https://*.googletagmanager.com https://*.google-analytics.com https://*.googleadservices.com https://*.googlesyndication.com https://*.doubleclick.net https://*.microsoftonline.com https://*.live.com https://*.microsoft.com https://*.onedrive.com https://*.sharepoint.com https://cdn01.boxcdn.net https://*.boxcdn.net https://*.box.com https://*.boxcloud.com https://*.mixpanel.com https://*.twitter.com https://*.x.com https://analytics.tiktok.com https://sgtm-prod-985009374134.us-central1.run.app https://cdn.cookielaw.org https://cookie-cdn.cookiepro.com https://geolocation.onetrust.com https://privacyportal.onetrust.com https://*.paypal.com https://*.braintreegateway.com https://*.braintree-api.com". The action has been blocked. @ https://cdn.grok.com/_next/static/chunks/0s4gl2cvdj6ao.js:9
