[    3372ms] [INFO] Run helper.... @ https://cdn.shopify.com/extensions/019e6d6b-87ea-756b-a21c-3bbb5e2e9f43/pagefly-page-builder-288/assets/pagefly-general-helper.js:0
[    3391ms] [LOG] productATCs [] @ https://cdn.shopify.com/extensions/019e6d6b-87ea-756b-a21c-3bbb5e2e9f43/pagefly-page-builder-288/assets/pagefly-product.js:4
[    3782ms] [LOG] Script loaded successfully: https://cdn.shopify.com/extensions/019e6d6b-87ea-756b-a21c-3bbb5e2e9f43/pagefly-page-builder-288/assets/pagefly-htmlvideo2.js @ https://cdn.shopify.com/extensions/019e6d6b-87ea-756b-a21c-3bbb5e2e9f43/pagefly-page-builder-288/assets/pagefly-general-helper.js:0
[    4957ms] [VERBOSE] Rendering was performed in a subtree hidden by content-visibility. @ :3180
[    4957ms] [VERBOSE] Rendering was performed in a subtree hidden by content-visibility. @ :3180
[    4981ms] [VERBOSE] Rendering was performed in a subtree hidden by content-visibility. @ :3180
[    4982ms] [VERBOSE] Rendering was performed in a subtree hidden by content-visibility. @ :3180
[    4983ms] [VERBOSE] Rendering was performed in a subtree hidden by content-visibility. @ :3180
[    4984ms] [VERBOSE] Rendering was performed in a subtree hidden by content-visibility. @ :3180
[    4985ms] [VERBOSE] Rendering was performed in a subtree hidden by content-visibility. @ :3180
[    4986ms] [VERBOSE] Rendering was performed in a subtree hidden by content-visibility. @ :3180
[    5013ms] [VERBOSE] Rendering was performed in a subtree hidden by content-visibility. @ :3180
[    5014ms] [VERBOSE] Rendering was performed in a subtree hidden by content-visibility. @ :3180
[    5017ms] [VERBOSE] Rendering was performed in a subtree hidden by content-visibility. @ :3180
[    5017ms] [VERBOSE] Rendering was performed in a subtree hidden by content-visibility. @ :3180
[    5019ms] [VERBOSE] Rendering was performed in a subtree hidden by content-visibility. @ :3180
[    5020ms] [VERBOSE] Rendering was performed in a subtree hidden by content-visibility. @ :3180
[    5038ms] [VERBOSE] Rendering was performed in a subtree hidden by content-visibility. @ :3180
[    5039ms] [VERBOSE] Rendering was performed in a subtree hidden by content-visibility. @ :3180
[    5041ms] [VERBOSE] Rendering was performed in a subtree hidden by content-visibility. @ :3180
[    5042ms] [VERBOSE] Rendering was performed in a subtree hidden by content-visibility. @ :3180
[    5063ms] [VERBOSE] Rendering was performed in a subtree hidden by content-visibility. @ :3180
[    5064ms] [VERBOSE] Rendering was performed in a subtree hidden by content-visibility. @ :3180
[    5066ms] [VERBOSE] Rendering was performed in a subtree hidden by content-visibility. @ :3180
[    5066ms] [VERBOSE] Rendering was performed in a subtree hidden by content-visibility. @ :3180
[    5068ms] [VERBOSE] Rendering was performed in a subtree hidden by content-visibility. @ :3180
[    5068ms] [VERBOSE] Rendering was performed in a subtree hidden by content-visibility. @ :3180
[    5069ms] [VERBOSE] Rendering was performed in a subtree hidden by content-visibility. @ :3180
[    5070ms] [VERBOSE] Rendering was performed in a subtree hidden by content-visibility. @ :3180
[    5102ms] [VERBOSE] Rendering was performed in a subtree hidden by content-visibility. @ :3180
[    5103ms] [VERBOSE] Rendering was performed in a subtree hidden by content-visibility. @ :3180
[    5105ms] [VERBOSE] Rendering was performed in a subtree hidden by content-visibility. @ :3180
[    5106ms] [VERBOSE] Rendering was performed in a subtree hidden by content-visibility. @ :3180
[    5107ms] [VERBOSE] Rendering was performed in a subtree hidden by content-visibility. @ :3180
[    5108ms] [VERBOSE] Rendering was performed in a subtree hidden by content-visibility. @ :3180
[    5109ms] [VERBOSE] Rendering was performed in a subtree hidden by content-visibility. @ :3180
[    5110ms] [VERBOSE] Rendering was performed in a subtree hidden by content-visibility. @ :3180
[    5112ms] [VERBOSE] Rendering was performed in a subtree hidden by content-visibility. @ :3180
[    5112ms] [VERBOSE] Rendering was performed in a subtree hidden by content-visibility. @ :3180
[    5114ms] [VERBOSE] Rendering was performed in a subtree hidden by content-visibility. @ :3180
[    5114ms] [VERBOSE] Rendering was performed in a subtree hidden by content-visibility. @ :3180
[    5115ms] [VERBOSE] Rendering was performed in a subtree hidden by content-visibility. @ :3180
[    5116ms] [VERBOSE] Rendering was performed in a subtree hidden by content-visibility. @ :3180
[    5118ms] [VERBOSE] Rendering was performed in a subtree hidden by content-visibility. @ :3180
[    5119ms] [VERBOSE] Rendering was performed in a subtree hidden by content-visibility. @ :3180
[    5165ms] [VERBOSE] Rendering was performed in a subtree hidden by content-visibility. @ :3180
[    5165ms] [VERBOSE] Rendering was performed in a subtree hidden by content-visibility. @ :3180
[    5192ms] [VERBOSE] Rendering was performed in a subtree hidden by content-visibility. @ :3180
[    5193ms] [VERBOSE] Rendering was performed in a subtree hidden by content-visibility. @ :3180
[    5223ms] [VERBOSE] Rendering was performed in a subtree hidden by content-visibility. @ :3180
[    5224ms] [VERBOSE] Rendering was performed in a subtree hidden by content-visibility. @ :3180
[    5226ms] [VERBOSE] Rendering was performed in a subtree hidden by content-visibility. @ :3180
[    5227ms] [VERBOSE] Rendering was performed in a subtree hidden by content-visibility. @ :3180
[    5229ms] [VERBOSE] Rendering was performed in a subtree hidden by content-visibility. @ :3180
[    5229ms] [VERBOSE] Rendering was performed in a subtree hidden by content-visibility. @ :3180
[    5232ms] [VERBOSE] Rendering was performed in a subtree hidden by content-visibility. @ :3180
[    5232ms] [VERBOSE] Rendering was performed in a subtree hidden by content-visibility. @ :3180
[    5234ms] [VERBOSE] Rendering was performed in a subtree hidden by content-visibility. @ :3180
[    5235ms] [VERBOSE] Rendering was performed in a subtree hidden by content-visibility. @ :3180
[    5236ms] [VERBOSE] Rendering was performed in a subtree hidden by content-visibility. @ :3180
[    5237ms] [VERBOSE] Rendering was performed in a subtree hidden by content-visibility. @ :3180
[    5265ms] [VERBOSE] Rendering was performed in a subtree hidden by content-visibility. @ :3180
[    5266ms] [VERBOSE] Rendering was performed in a subtree hidden by content-visibility. @ :3180
[    5268ms] [VERBOSE] Rendering was performed in a subtree hidden by content-visibility. @ :3180
[    5269ms] [VERBOSE] Rendering was performed in a subtree hidden by content-visibility. @ :3180
[    5366ms] [VERBOSE] Rendering was performed in a subtree hidden by content-visibility. @ :3180
[    5367ms] [VERBOSE] Rendering was performed in a subtree hidden by content-visibility. @ :3180
[    5369ms] [VERBOSE] Rendering was performed in a subtree hidden by content-visibility. @ :3180
[    5369ms] [VERBOSE] Rendering was performed in a subtree hidden by content-visibility. @ :3180
[    5406ms] [VERBOSE] Rendering was performed in a subtree hidden by content-visibility. @ :3180
[    5407ms] [VERBOSE] Rendering was performed in a subtree hidden by content-visibility. @ :3180
[    5408ms] [VERBOSE] Rendering was performed in a subtree hidden by content-visibility. @ :3180
[    5409ms] [VERBOSE] Rendering was performed in a subtree hidden by content-visibility. @ :3180
[    5572ms] [VERBOSE] Rendering was performed in a subtree hidden by content-visibility. @ :3180
[    5573ms] [VERBOSE] Rendering was performed in a subtree hidden by content-visibility. @ :3180
[    5575ms] [VERBOSE] Rendering was performed in a subtree hidden by content-visibility. @ :3180
[    5575ms] [VERBOSE] Rendering was performed in a subtree hidden by content-visibility. @ :3180
[    5579ms] [VERBOSE] Rendering was performed in a subtree hidden by content-visibility. @ :3180
[    5580ms] [VERBOSE] Rendering was performed in a subtree hidden by content-visibility. @ :3180
[    5622ms] [VERBOSE] Rendering was performed in a subtree hidden by content-visibility. @ :3180
[    5622ms] [VERBOSE] Rendering was performed in a subtree hidden by content-visibility. @ :3180
[    5650ms] [VERBOSE] Rendering was performed in a subtree hidden by content-visibility. @ :3180
[    5651ms] [VERBOSE] Rendering was performed in a subtree hidden by content-visibility. @ :3180
[    5654ms] [VERBOSE] Rendering was performed in a subtree hidden by content-visibility. @ :3180
[    5654ms] [VERBOSE] Rendering was performed in a subtree hidden by content-visibility. @ :3180
[    5656ms] [VERBOSE] Rendering was performed in a subtree hidden by content-visibility. @ :3180
[    5657ms] [VERBOSE] Rendering was performed in a subtree hidden by content-visibility. @ :3180
[    5704ms] [VERBOSE] Rendering was performed in a subtree hidden by content-visibility. @ :3180
[    5704ms] [VERBOSE] Rendering was performed in a subtree hidden by content-visibility. @ :3180
[    5746ms] [VERBOSE] Rendering was performed in a subtree hidden by content-visibility. @ :3180
[    5747ms] [VERBOSE] Rendering was performed in a subtree hidden by content-visibility. @ :3180
[    5765ms] [VERBOSE] Rendering was performed in a subtree hidden by content-visibility. @ :3180
[    5766ms] [VERBOSE] Rendering was performed in a subtree hidden by content-visibility. @ :3180
[    5769ms] [VERBOSE] Rendering was performed in a subtree hidden by content-visibility. @ :3180
[    5770ms] [VERBOSE] Rendering was performed in a subtree hidden by content-visibility. @ :3180
[    5852ms] [VERBOSE] Rendering was performed in a subtree hidden by content-visibility. @ :3180
[    5853ms] [VERBOSE] Rendering was performed in a subtree hidden by content-visibility. @ :3180
[    5960ms] [VERBOSE] Rendering was performed in a subtree hidden by content-visibility. @ :3180
[    5961ms] [VERBOSE] Rendering was performed in a subtree hidden by content-visibility. @ :3180
[    5964ms] [VERBOSE] Rendering was performed in a subtree hidden by content-visibility. @ :3180
[    5964ms] [VERBOSE] Rendering was performed in a subtree hidden by content-visibility. @ :3180
[ 2106389ms] [ERROR] Failed to load resource: net::ERR_CONNECTION_CLOSED @ https://bmcuruguay.com.uy/api/collect:0
