[     425ms] [ERROR] Failed to load resource: the server responded with a status of 401 () @ https://calculadora-bmc.vercel.app/api/auth/me:0
[     682ms] [ERROR] Failed to load resource: the server responded with a status of 401 () @ https://calculadora-bmc.vercel.app/api/auth/refresh:0
[   11255ms] [ERROR] Failed to load resource: the server responded with a status of 401 () @ https://calculadora-bmc.vercel.app/api/auth/me:0
[   11445ms] [ERROR] Failed to load resource: the server responded with a status of 401 () @ https://calculadora-bmc.vercel.app/api/auth/refresh:0
[   13733ms] [ERROR] Failed to load resource: the server responded with a status of 401 () @ https://calculadora-bmc.vercel.app/api/auth/me:0
[   13922ms] [ERROR] Failed to load resource: the server responded with a status of 401 () @ https://calculadora-bmc.vercel.app/api/auth/refresh:0
[   14488ms] [ERROR] Failed to load resource: the server responded with a status of 401 () @ https://calculadora-bmc.vercel.app/api/auth/me:0
[   14678ms] [ERROR] Failed to load resource: the server responded with a status of 401 () @ https://calculadora-bmc.vercel.app/api/auth/refresh:0
[ 1347376ms] [ERROR] Failed to load resource: the server responded with a status of 401 () @ https://calculadora-bmc.vercel.app/api/auth/me:0
[ 1347569ms] [ERROR] Failed to load resource: the server responded with a status of 401 () @ https://calculadora-bmc.vercel.app/api/auth/refresh:0
[ 1481718ms] [ERROR] Failed to load resource: the server responded with a status of 401 () @ https://calculadora-bmc.vercel.app/api/auth/me:0
[ 1482015ms] [ERROR] Failed to load resource: the server responded with a status of 401 () @ https://calculadora-bmc.vercel.app/api/auth/refresh:0
[ 8413380ms] [ERROR] Failed to load resource: the server responded with a status of 401 () @ https://calculadora-bmc.vercel.app/api/auth/me:0
[ 8414448ms] [ERROR] Failed to load resource: the server responded with a status of 401 () @ https://calculadora-bmc.vercel.app/api/auth/refresh:0
[ 9813406ms] [ERROR] Failed to load resource: the server responded with a status of 401 () @ https://calculadora-bmc.vercel.app/api/auth/me:0
[ 9814032ms] [ERROR] Failed to load resource: the server responded with a status of 401 () @ https://calculadora-bmc.vercel.app/api/auth/refresh:0
[ 9815272ms] [ERROR] Failed to load resource: the server responded with a status of 401 () @ https://calculadora-bmc.vercel.app/api/auth/me:0
[ 9815901ms] [ERROR] Failed to load resource: the server responded with a status of 401 () @ https://calculadora-bmc.vercel.app/api/auth/refresh:0
[ 9827580ms] [ERROR] Cross-Origin-Opener-Policy policy would block the window.closed call. @ https://accounts.google.com/gsi/client:137
[ 9827580ms] [ERROR] Cross-Origin-Opener-Policy policy would block the window.closed call. @ https://accounts.google.com/gsi/client:137
[ 9832093ms] [ERROR] Cross-Origin-Opener-Policy policy would block the window.closed call. @ https://accounts.google.com/gsi/client:137
[ 9832093ms] [ERROR] Cross-Origin-Opener-Policy policy would block the window.closed call. @ https://accounts.google.com/gsi/client:137
[ 9833095ms] [ERROR] Cross-Origin-Opener-Policy policy would block the window.closed call. @ https://accounts.google.com/gsi/client:137
[ 9833096ms] [ERROR] Cross-Origin-Opener-Policy policy would block the window.closed call. @ https://accounts.google.com/gsi/client:137
[ 9851838ms] [ERROR] Failed to load resource: the server responded with a status of 401 () @ https://panelin-calc-642127786762.us-central1.run.app/api/agent/voice/session:0
[11864662ms] [ERROR] Failed to load resource: the server responded with a status of 401 () @ https://calculadora-bmc.vercel.app/api/auth/me:0
[11880958ms] [ERROR] Failed to load resource: the server responded with a status of 401 () @ https://panelin-calc-642127786762.us-central1.run.app/api/agent/voice/session:0
